#
# There is insufficient memory for the Java Runtime Environment to continue.
# Native memory allocation (malloc) failed to allocate 32744 bytes for ChunkPool::allocate
# Possible reasons:
#   The system is out of physical RAM or swap space
#   The process is running with CompressedOops enabled, and the Java Heap may be blocking the growth of the native heap
# Possible solutions:
#   Reduce memory load on the system
#   Increase physical memory or swap space
#   Check if swap backing store is full
#   Decrease Java heap size (-Xmx/-Xms)
#   Decrease number of Java threads
#   Decrease Java thread stack sizes (-Xss)
#   Set larger code cache with -XX:ReservedCodeCacheSize=
#   JVM is running with Unscaled Compressed Oops mode in which the Java heap is
#     placed in the first 4GB address space. The Java Heap base address is the
#     maximum limit for the native heap growth. Please use -XX:HeapBaseMinAddress
#     to set the Java Heap base and to place the Java Heap above 4GB virtual address.
# This output file may be truncated or incomplete.
#
#  Out of Memory Error (arena.cpp:78), pid=12272, tid=37256
#
# JRE version: OpenJDK Runtime Environment Corretto-17.0.4.8.1 (17.0.4+8) (build 17.0.4+8-LTS)
# Java VM: OpenJDK 64-Bit Server VM Corretto-17.0.4.8.1 (17.0.4+8-LTS, mixed mode, emulated-client, sharing, tiered, compressed oops, compressed class ptrs, g1 gc, windows-amd64)
# No core dump will be written. Minidumps are not enabled by default on client versions of Windows
#

---------------  S U M M A R Y ------------

Command Line: -XX:TieredStopAtLevel=1 -Dspring.output.ansi.enabled=always -Dcom.sun.management.jmxremote -Dspring.jmx.enabled=true -Dspring.liveBeansView.mbeanDomain -Dspring.application.admin.enabled=true -javaagent:D:\About Java\IntelliJ IDEA\IntelliJ IDEA 2022.2\lib\idea_rt.jar=53371:D:\About Java\IntelliJ IDEA\IntelliJ IDEA 2022.2\bin -Dfile.encoding=UTF-8 com.ccda.task.TaskApplication

Host: Intel(R) Core(TM) i7-7700HQ CPU @ 2.80GHz, 8 cores, 7G,  Windows 10 , 64 bit Build 19041 (10.0.19041.3636)
Time: Fri Jun  7 02:24:38 2024  Windows 10 , 64 bit Build 19041 (10.0.19041.3636) elapsed time: 16.789704 seconds (0d 0h 0m 16s)

---------------  T H R E A D  ---------------

Current thread (0x00000242c8d0c6c0):  JavaThread "C1 CompilerThread1" daemon [_thread_in_native, id=37256, stack(0x000000d672400000,0x000000d672500000)]


Current CompileTask:
C1:  16790 2852       1       java.lang.System$2::join (11 bytes)

Stack: [0x000000d672400000,0x000000d672500000]
Native frames: (J=compiled Java code, j=interpreted, Vv=VM code, C=native code)
V  [jvm.dll+0x64723a]
V  [jvm.dll+0x7f8894]
V  [jvm.dll+0x7fa04e]
V  [jvm.dll+0x7fa6a3]
V  [jvm.dll+0x234d38]
V  [jvm.dll+0xbd05c]
V  [jvm.dll+0xbd3ac]
V  [jvm.dll+0x1576c8]
V  [jvm.dll+0x155f4e]
V  [jvm.dll+0x143fb0]
V  [jvm.dll+0x12d4f7]
V  [jvm.dll+0x12ce4f]
V  [jvm.dll+0x12d085]
V  [jvm.dll+0x12c475]
V  [jvm.dll+0x12e196]
V  [jvm.dll+0x217d19]
V  [jvm.dll+0x215f64]
V  [jvm.dll+0x7b0d7b]
V  [jvm.dll+0x7ab33a]
V  [jvm.dll+0x6460e5]
C  [ucrtbase.dll+0x21bb2]
C  [KERNEL32.DLL+0x17344]
C  [ntdll.dll+0x526b1]


---------------  P R O C E S S  ---------------

Threads class SMR info:
_java_thread_list=0x00000242ca203bc0, length=16, elements={
0x00000242b5afd470, 0x00000242c7c08d20, 0x00000242c7c09b90, 0x00000242c7c295a0,
0x00000242c7c2a060, 0x00000242c7c2c930, 0x00000242c7c2f2f0, 0x00000242c7c300b0,
0x00000242c7c30aa0, 0x00000242c88b73a0, 0x00000242c8bf3c50, 0x00000242c8c00080,
0x00000242c8d0c6c0, 0x00000242c8e0a690, 0x00000242ca0078f0, 0x00000242ca008e20
}

Java Threads: ( => current thread )
  0x00000242b5afd470 JavaThread "main" [_thread_in_native, id=35492, stack(0x000000d671200000,0x000000d671300000)]
  0x00000242c7c08d20 JavaThread "Reference Handler" daemon [_thread_blocked, id=31284, stack(0x000000d671900000,0x000000d671a00000)]
  0x00000242c7c09b90 JavaThread "Finalizer" daemon [_thread_blocked, id=18056, stack(0x000000d671a00000,0x000000d671b00000)]
  0x00000242c7c295a0 JavaThread "Signal Dispatcher" daemon [_thread_blocked, id=30468, stack(0x000000d671b00000,0x000000d671c00000)]
  0x00000242c7c2a060 JavaThread "Attach Listener" daemon [_thread_blocked, id=41848, stack(0x000000d671c00000,0x000000d671d00000)]
  0x00000242c7c2c930 JavaThread "Service Thread" daemon [_thread_blocked, id=24208, stack(0x000000d671d00000,0x000000d671e00000)]
  0x00000242c7c2f2f0 JavaThread "Monitor Deflation Thread" daemon [_thread_blocked, id=9880, stack(0x000000d671e00000,0x000000d671f00000)]
  0x00000242c7c300b0 JavaThread "C1 CompilerThread0" daemon [_thread_blocked, id=39748, stack(0x000000d671f00000,0x000000d672000000)]
  0x00000242c7c30aa0 JavaThread "Sweeper thread" daemon [_thread_blocked, id=33560, stack(0x000000d672000000,0x000000d672100000)]
  0x00000242c88b73a0 JavaThread "Common-Cleaner" daemon [_thread_blocked, id=38300, stack(0x000000d672100000,0x000000d672200000)]
  0x00000242c8bf3c50 JavaThread "Monitor Ctrl-Break" daemon [_thread_in_native, id=41668, stack(0x000000d672200000,0x000000d672300000)]
  0x00000242c8c00080 JavaThread "Notification Thread" daemon [_thread_blocked, id=16628, stack(0x000000d672300000,0x000000d672400000)]
=>0x00000242c8d0c6c0 JavaThread "C1 CompilerThread1" daemon [_thread_in_native, id=37256, stack(0x000000d672400000,0x000000d672500000)]
  0x00000242c8e0a690 JavaThread "RMI TCP Accept-0" daemon [_thread_in_native, id=8296, stack(0x000000d672500000,0x000000d672600000)]
  0x00000242ca0078f0 JavaThread "C1 CompilerThread2" daemon [_thread_blocked, id=9672, stack(0x000000d673000000,0x000000d673100000)]
  0x00000242ca008e20 JavaThread "C1 CompilerThread3" daemon [_thread_blocked, id=40004, stack(0x000000d673100000,0x000000d673200000)]

Other Threads:
  0x00000242c7c04120 VMThread "VM Thread" [stack: 0x000000d671800000,0x000000d671900000] [id=21404]
  0x00000242b5b84200 WatcherThread [stack: 0x000000d672600000,0x000000d672700000] [id=26100]
  0x00000242b5b5a5a0 GCTaskThread "GC Thread#0" [stack: 0x000000d671300000,0x000000d671400000] [id=9164]
  0x00000242c915b070 GCTaskThread "GC Thread#1" [stack: 0x000000d672700000,0x000000d672800000] [id=20980]
  0x00000242c915b320 GCTaskThread "GC Thread#2" [stack: 0x000000d672800000,0x000000d672900000] [id=32876]
  0x00000242c90e0e90 GCTaskThread "GC Thread#3" [stack: 0x000000d672900000,0x000000d672a00000] [id=38444]
  0x00000242c9178030 GCTaskThread "GC Thread#4" [stack: 0x000000d672a00000,0x000000d672b00000] [id=40340]
  0x00000242c91786f0 GCTaskThread "GC Thread#5" [stack: 0x000000d672b00000,0x000000d672c00000] [id=4704]
  0x00000242c91789a0 GCTaskThread "GC Thread#6" [stack: 0x000000d672c00000,0x000000d672d00000] [id=1148]
  0x00000242c9179060 GCTaskThread "GC Thread#7" [stack: 0x000000d672d00000,0x000000d672e00000] [id=30632]
  0x00000242b5b681b0 ConcurrentGCThread "G1 Main Marker" [stack: 0x000000d671400000,0x000000d671500000] [id=8892]
  0x00000242b5b68bc0 ConcurrentGCThread "G1 Conc#0" [stack: 0x000000d671500000,0x000000d671600000] [id=7188]
  0x00000242c92368d0 ConcurrentGCThread "G1 Conc#1" [stack: 0x000000d672f00000,0x000000d673000000] [id=36804]
  0x00000242c7ac2020 ConcurrentGCThread "G1 Refine#0" [stack: 0x000000d671600000,0x000000d671700000] [id=3148]
  0x00000242c915bde0 ConcurrentGCThread "G1 Refine#1" [stack: 0x000000d672e00000,0x000000d672f00000] [id=14268]
  0x00000242c7ac2a40 ConcurrentGCThread "G1 Service" [stack: 0x000000d671700000,0x000000d671800000] [id=34976]

Threads with active compile tasks:
C1 CompilerThread1    17362 2852       1       java.lang.System$2::join (11 bytes)

VM state: not at safepoint (normal execution)

VM Mutex/Monitor currently owned by a thread: None

Heap address: 0x0000000082200000, size: 2014 MB, Compressed Oops mode: 32-bit

CDS archive(s) mapped at: [0x0000000800000000-0x0000000800bc0000-0x0000000800bc0000), size 12320768, SharedBaseAddress: 0x0000000800000000, ArchiveRelocationMode: 0.
Compressed class space mapped at: 0x0000000800c00000-0x0000000840c00000, reserved size: 1073741824
Narrow klass base: 0x0000000800000000, Narrow klass shift: 0, Narrow klass range: 0x100000000

GC Precious Log:
 CPUs: 8 total, 8 available
 Memory: 8053M
 Large Page Support: Disabled
 NUMA Support: Disabled
 Compressed Oops: Enabled (32-bit)
 Heap Region Size: 1M
 Heap Min Capacity: 8M
 Heap Initial Capacity: 126M
 Heap Max Capacity: 2014M
 Pre-touch: Disabled
 Parallel Workers: 8
 Concurrent Workers: 2
 Concurrent Refinement Workers: 8
 Periodic GC: Disabled

Heap:
 garbage-first heap   total 51200K, used 14750K [0x0000000082200000, 0x0000000100000000)
  region size 1024K, 8 young (8192K), 6 survivors (6144K)
 Metaspace       used 21452K, committed 21760K, reserved 1073152K
  class space    used 2913K, committed 3072K, reserved 1048576K

Heap Regions: E=young(eden), S=young(survivor), O=old, HS=humongous(starts), HC=humongous(continues), CS=collection set, F=free, OA=open archive, CA=closed archive, TAMS=top-at-mark-start (previous, next)
|   0|0x0000000082200000, 0x0000000082300000, 0x0000000082300000|100%|HS|  |TAMS 0x0000000082300000, 0x0000000082200000| Complete 
|   1|0x0000000082300000, 0x0000000082400000, 0x0000000082400000|100%| O|  |TAMS 0x0000000082400000, 0x0000000082300000| Untracked 
|   2|0x0000000082400000, 0x0000000082500000, 0x0000000082500000|100%| O|  |TAMS 0x0000000082500000, 0x0000000082400000| Untracked 
|   3|0x0000000082500000, 0x0000000082600000, 0x0000000082600000|100%| O|  |TAMS 0x0000000082600000, 0x0000000082500000| Untracked 
|   4|0x0000000082600000, 0x0000000082700000, 0x0000000082700000|100%| O|  |TAMS 0x0000000082700000, 0x0000000082600000| Untracked 
|   5|0x0000000082700000, 0x0000000082800000, 0x0000000082800000|100%| O|  |TAMS 0x0000000082800000, 0x0000000082700000| Untracked 
|   6|0x0000000082800000, 0x0000000082900000, 0x0000000082900000|100%| O|  |TAMS 0x0000000082900000, 0x0000000082800000| Untracked 
|   7|0x0000000082900000, 0x0000000082967800, 0x0000000082a00000| 40%| O|  |TAMS 0x0000000082967800, 0x0000000082900000| Complete 
|   8|0x0000000082a00000, 0x0000000082a00000, 0x0000000082b00000|  0%| F|  |TAMS 0x0000000082a00000, 0x0000000082a00000| Untracked 
|   9|0x0000000082b00000, 0x0000000082b00000, 0x0000000082c00000|  0%| F|  |TAMS 0x0000000082b00000, 0x0000000082b00000| Untracked 
|  10|0x0000000082c00000, 0x0000000082c00000, 0x0000000082d00000|  0%| F|  |TAMS 0x0000000082c00000, 0x0000000082c00000| Untracked 
|  11|0x0000000082d00000, 0x0000000082d00000, 0x0000000082e00000|  0%| F|  |TAMS 0x0000000082d00000, 0x0000000082d00000| Untracked 
|  12|0x0000000082e00000, 0x0000000082e00000, 0x0000000082f00000|  0%| F|  |TAMS 0x0000000082e00000, 0x0000000082e00000| Untracked 
|  13|0x0000000082f00000, 0x0000000082f00000, 0x0000000083000000|  0%| F|  |TAMS 0x0000000082f00000, 0x0000000082f00000| Untracked 
|  14|0x0000000083000000, 0x0000000083000000, 0x0000000083100000|  0%| F|  |TAMS 0x0000000083000000, 0x0000000083000000| Untracked 
|  15|0x0000000083100000, 0x0000000083100000, 0x0000000083200000|  0%| F|  |TAMS 0x0000000083100000, 0x0000000083100000| Untracked 
|  16|0x0000000083200000, 0x0000000083200000, 0x0000000083300000|  0%| F|  |TAMS 0x0000000083200000, 0x0000000083200000| Untracked 
|  17|0x0000000083300000, 0x0000000083300000, 0x0000000083400000|  0%| F|  |TAMS 0x0000000083300000, 0x0000000083300000| Untracked 
|  18|0x0000000083400000, 0x0000000083400000, 0x0000000083500000|  0%| F|  |TAMS 0x0000000083400000, 0x0000000083400000| Untracked 
|  19|0x0000000083500000, 0x0000000083500000, 0x0000000083600000|  0%| F|  |TAMS 0x0000000083500000, 0x0000000083500000| Untracked 
|  20|0x0000000083600000, 0x0000000083600000, 0x0000000083700000|  0%| F|  |TAMS 0x0000000083600000, 0x0000000083600000| Untracked 
|  21|0x0000000083700000, 0x0000000083700000, 0x0000000083800000|  0%| F|  |TAMS 0x0000000083700000, 0x0000000083700000| Untracked 
|  22|0x0000000083800000, 0x0000000083800000, 0x0000000083900000|  0%| F|  |TAMS 0x0000000083800000, 0x0000000083800000| Untracked 
|  23|0x0000000083900000, 0x0000000083900000, 0x0000000083a00000|  0%| F|  |TAMS 0x0000000083900000, 0x0000000083900000| Untracked 
|  24|0x0000000083a00000, 0x0000000083a00000, 0x0000000083b00000|  0%| F|  |TAMS 0x0000000083a00000, 0x0000000083a00000| Untracked 
|  25|0x0000000083b00000, 0x0000000083b00000, 0x0000000083c00000|  0%| F|  |TAMS 0x0000000083b00000, 0x0000000083b00000| Untracked 
|  26|0x0000000083c00000, 0x0000000083c00000, 0x0000000083d00000|  0%| F|  |TAMS 0x0000000083c00000, 0x0000000083c00000| Untracked 
|  27|0x0000000083d00000, 0x0000000083d00000, 0x0000000083e00000|  0%| F|  |TAMS 0x0000000083d00000, 0x0000000083d00000| Untracked 
|  28|0x0000000083e00000, 0x0000000083e00000, 0x0000000083f00000|  0%| F|  |TAMS 0x0000000083e00000, 0x0000000083e00000| Untracked 
|  29|0x0000000083f00000, 0x0000000083f00000, 0x0000000084000000|  0%| F|  |TAMS 0x0000000083f00000, 0x0000000083f00000| Untracked 
|  30|0x0000000084000000, 0x0000000084000000, 0x0000000084100000|  0%| F|  |TAMS 0x0000000084000000, 0x0000000084000000| Untracked 
|  31|0x0000000084100000, 0x0000000084100000, 0x0000000084200000|  0%| F|  |TAMS 0x0000000084100000, 0x0000000084100000| Untracked 
|  32|0x0000000084200000, 0x0000000084200000, 0x0000000084300000|  0%| F|  |TAMS 0x0000000084200000, 0x0000000084200000| Untracked 
|  33|0x0000000084300000, 0x0000000084300000, 0x0000000084400000|  0%| F|  |TAMS 0x0000000084300000, 0x0000000084300000| Untracked 
|  34|0x0000000084400000, 0x0000000084400000, 0x0000000084500000|  0%| F|  |TAMS 0x0000000084400000, 0x0000000084400000| Untracked 
|  35|0x0000000084500000, 0x0000000084500000, 0x0000000084600000|  0%| F|  |TAMS 0x0000000084500000, 0x0000000084500000| Untracked 
|  36|0x0000000084600000, 0x0000000084600000, 0x0000000084700000|  0%| F|  |TAMS 0x0000000084600000, 0x0000000084600000| Untracked 
|  37|0x0000000084700000, 0x0000000084700000, 0x0000000084800000|  0%| F|  |TAMS 0x0000000084700000, 0x0000000084700000| Untracked 
|  38|0x0000000084800000, 0x0000000084800000, 0x0000000084900000|  0%| F|  |TAMS 0x0000000084800000, 0x0000000084800000| Untracked 
|  39|0x0000000084900000, 0x0000000084900000, 0x0000000084a00000|  0%| F|  |TAMS 0x0000000084900000, 0x0000000084900000| Untracked 
|  40|0x0000000084a00000, 0x0000000084a00000, 0x0000000084b00000|  0%| F|  |TAMS 0x0000000084a00000, 0x0000000084a00000| Untracked 
|  41|0x0000000084b00000, 0x0000000084b00000, 0x0000000084c00000|  0%| F|  |TAMS 0x0000000084b00000, 0x0000000084b00000| Untracked 
|  42|0x0000000084c00000, 0x0000000084c80800, 0x0000000084d00000| 50%| E|  |TAMS 0x0000000084c00000, 0x0000000084c00000| Complete 
| 108|0x0000000088e00000, 0x0000000088f00000, 0x0000000088f00000|100%| S|CS|TAMS 0x0000000088e00000, 0x0000000088e00000| Complete 
| 109|0x0000000088f00000, 0x0000000089000000, 0x0000000089000000|100%| S|CS|TAMS 0x0000000088f00000, 0x0000000088f00000| Complete 
| 110|0x0000000089000000, 0x0000000089100000, 0x0000000089100000|100%| S|CS|TAMS 0x0000000089000000, 0x0000000089000000| Complete 
| 111|0x0000000089100000, 0x0000000089200000, 0x0000000089200000|100%| S|CS|TAMS 0x0000000089100000, 0x0000000089100000| Complete 
| 112|0x0000000089200000, 0x0000000089300000, 0x0000000089300000|100%| S|CS|TAMS 0x0000000089200000, 0x0000000089200000| Complete 
| 113|0x0000000089300000, 0x0000000089400000, 0x0000000089400000|100%| S|CS|TAMS 0x0000000089300000, 0x0000000089300000| Complete 
| 125|0x0000000089f00000, 0x000000008a000000, 0x000000008a000000|100%| E|CS|TAMS 0x0000000089f00000, 0x0000000089f00000| Complete 

Card table byte_map: [0x00000242c0b00000,0x00000242c0ef0000] _byte_map_base: 0x00000242c06ef000

Marking Bits (Prev, Next): (CMBitMap*) 0x00000242b5b5abf0, (CMBitMap*) 0x00000242b5b5abb0
 Prev Bits: [0x00000242c3260000, 0x00000242c51d8000)
 Next Bits: [0x00000242c12e0000, 0x00000242c3258000)

Polling page: 0x00000242b3a80000

Metaspace:

Usage:
  Non-class:     18.10 MB used.
      Class:      2.85 MB used.
       Both:     20.95 MB used.

Virtual space:
  Non-class space:       24.00 MB reserved,      18.25 MB ( 76%) committed,  3 nodes.
      Class space:        1.00 GB reserved,       3.00 MB ( <1%) committed,  1 nodes.
             Both:        1.02 GB reserved,      21.25 MB (  2%) committed. 

Chunk freelists:
   Non-Class:  1.70 MB
       Class:  912.00 KB
        Both:  2.59 MB

MaxMetaspaceSize: unlimited
CompressedClassSpaceSize: 1.00 GB
Initial GC threshold: 21.00 MB
Current GC threshold: 35.25 MB
CDS: on
MetaspaceReclaimPolicy: balanced
 - commit_granule_bytes: 65536.
 - commit_granule_words: 8192.
 - virtual_space_node_default_size: 1048576.
 - enlarge_chunks_in_place: 1.
 - new_chunks_are_fully_committed: 0.
 - uncommit_free_chunks: 1.
 - use_allocation_guard: 0.
 - handle_deallocations: 1.


Internal statistics:

num_allocs_failed_limit: 3.
num_arena_births: 278.
num_arena_deaths: 0.
num_vsnodes_births: 4.
num_vsnodes_deaths: 0.
num_space_committed: 340.
num_space_uncommitted: 0.
num_chunks_returned_to_freelist: 3.
num_chunks_taken_from_freelist: 939.
num_chunk_merges: 3.
num_chunk_splits: 673.
num_chunks_enlarged: 527.
num_purges: 0.
num_inconsistent_stats: 0.

CodeCache: size=49152Kb used=7479Kb max_used=7479Kb free=41672Kb
 bounds [0x00000242bd600000, 0x00000242bdd50000, 0x00000242c0600000]
 total_blobs=3512 nmethods=3000 adapters=436
 compilation: enabled
              stopped_count=0, restarted_count=0
 full_count=0

Compilation events (20 events):
Event: 16.570 Thread 0x00000242ca008e20 nmethod 2839 0x00000242bdd10310 code [0x00000242bdd10580, 0x00000242bdd10da8]
Event: 16.570 Thread 0x00000242ca008e20 2845       1       org.springframework.core.ResolvableType::isAssignableFrom (503 bytes)
Event: 16.570 Thread 0x00000242c7c300b0 nmethod 2843 0x00000242bdd11110 code [0x00000242bdd112e0, 0x00000242bdd11568]
Event: 16.570 Thread 0x00000242ca0078f0 nmethod 2844 0x00000242bdd11690 code [0x00000242bdd118e0, 0x00000242bdd12118]
Event: 16.570 Thread 0x00000242c8d0c6c0 2846       1       org.springframework.core.annotation.AnnotationTypeMapping::areEquivalent (95 bytes)
Event: 16.570 Thread 0x00000242c8d0c6c0 nmethod 2846 0x00000242bdd12510 code [0x00000242bdd12720, 0x00000242bdd12c48]
Event: 16.571 Thread 0x00000242ca008e20 nmethod 2845 0x00000242bdd12e10 code [0x00000242bdd13180, 0x00000242bdd14018]
Event: 16.590 Thread 0x00000242ca008e20 2847       1       java.lang.invoke.MethodType::methodType (7 bytes)
Event: 16.590 Thread 0x00000242ca008e20 nmethod 2847 0x00000242bdd14890 code [0x00000242bdd14a20, 0x00000242bdd14ae8]
Event: 16.592 Thread 0x00000242ca008e20 2848       1       java.lang.reflect.Method::isSynthetic (5 bytes)
Event: 16.592 Thread 0x00000242ca008e20 nmethod 2848 0x00000242bdd14b90 code [0x00000242bdd14d20, 0x00000242bdd14e18]
Event: 16.592 Thread 0x00000242c7c300b0 2849       1       java.util.HashMap::afterNodeAccess (1 bytes)
Event: 16.592 Thread 0x00000242ca0078f0 2850       1       java.util.StringJoiner::<init> (63 bytes)
Event: 16.592 Thread 0x00000242ca008e20 2851       1       java.util.StringJoiner::toString (53 bytes)
Event: 16.592 Thread 0x00000242c8d0c6c0 2852       1       java.lang.System$2::join (11 bytes)
Event: 16.592 Thread 0x00000242c7c300b0 nmethod 2849 0x00000242bdd14e90 code [0x00000242bdd15020, 0x00000242bdd150d8]
Event: 16.593 Thread 0x00000242c7c300b0 2853       1       jdk.internal.org.objectweb.asm.SymbolTable::hash (7 bytes)
Event: 16.594 Thread 0x00000242ca0078f0 nmethod 2850 0x00000242bdd15190 code [0x00000242bdd153a0, 0x00000242bdd15848]
Event: 16.594 Thread 0x00000242c7c300b0 nmethod 2853 0x00000242bdd15a10 code [0x00000242bdd15ba0, 0x00000242bdd15c58]
Event: 16.595 Thread 0x00000242ca008e20 nmethod 2851 0x00000242bdd15d10 code [0x00000242bdd15f40, 0x00000242bdd166c8]

GC Heap History (6 events):
Event: 13.394 GC heap before
{Heap before GC invocations=0 (full 0):
 garbage-first heap   total 129024K, used 23552K [0x0000000082200000, 0x0000000100000000)
  region size 1024K, 23 young (23552K), 0 survivors (0K)
 Metaspace       used 7612K, committed 7872K, reserved 1056768K
  class space    used 963K, committed 1088K, reserved 1048576K
}
Event: 13.401 GC heap after
{Heap after GC invocations=1 (full 0):
 garbage-first heap   total 129024K, used 7587K [0x0000000082200000, 0x0000000100000000)
  region size 1024K, 3 young (3072K), 3 survivors (3072K)
 Metaspace       used 7612K, committed 7872K, reserved 1056768K
  class space    used 963K, committed 1088K, reserved 1048576K
}
Event: 14.715 GC heap before
{Heap before GC invocations=1 (full 0):
 garbage-first heap   total 129024K, used 30115K [0x0000000082200000, 0x0000000100000000)
  region size 1024K, 26 young (26624K), 3 survivors (3072K)
 Metaspace       used 12650K, committed 12864K, reserved 1064960K
  class space    used 1671K, committed 1792K, reserved 1048576K
}
Event: 14.722 GC heap after
{Heap after GC invocations=2 (full 0):
 garbage-first heap   total 129024K, used 9178K [0x0000000082200000, 0x0000000100000000)
  region size 1024K, 2 young (2048K), 2 survivors (2048K)
 Metaspace       used 12650K, committed 12864K, reserved 1064960K
  class space    used 1671K, committed 1792K, reserved 1048576K
}
Event: 16.424 GC heap before
{Heap before GC invocations=2 (full 0):
 garbage-first heap   total 129024K, used 56282K [0x0000000082200000, 0x0000000100000000)
  region size 1024K, 48 young (49152K), 2 survivors (2048K)
 Metaspace       used 19648K, committed 19968K, reserved 1073152K
  class space    used 2633K, committed 2752K, reserved 1048576K
}
Event: 16.431 GC heap after
{Heap after GC invocations=3 (full 0):
 garbage-first heap   total 129024K, used 12683K [0x0000000082200000, 0x0000000100000000)
  region size 1024K, 5 young (5120K), 5 survivors (5120K)
 Metaspace       used 19648K, committed 19968K, reserved 1073152K
  class space    used 2633K, committed 2752K, reserved 1048576K
}

Deoptimization events (4 events):
Event: 14.802 Thread 0x00000242b5afd470 DEOPT PACKING pc=0x00000242bda52f99 sp=0x000000d6712fd210
Event: 14.802 Thread 0x00000242b5afd470 DEOPT UNPACKING pc=0x00000242bd652b43 sp=0x000000d6712fc6f0 mode 3
Event: 15.516 Thread 0x00000242b5afd470 DEOPT PACKING pc=0x00000242bdbebed5 sp=0x000000d6712fd6f0
Event: 15.516 Thread 0x00000242b5afd470 DEOPT UNPACKING pc=0x00000242bd652b43 sp=0x000000d6712fcb98 mode 3

Classes unloaded (0 events):
No events

Classes redefined (0 events):
No events

Internal exceptions (20 events):
Event: 13.940 Thread 0x00000242b5afd470 Exception <a 'java/lang/NoSuchMethodError'{0x00000000895d97d8}: 'void java.lang.invoke.DirectMethodHandle$Holder.invokeStatic(java.lang.Object, java.lang.Object, int)'> (0x00000000895d97d8) 
thrown [s\src\hotspot\share\interpreter\linkResolver.cpp, line 759]
Event: 13.955 Thread 0x00000242b5afd470 Exception <a 'java/lang/NoSuchMethodError'{0x00000000895eff30}: 'void java.lang.invoke.DirectMethodHandle$Holder.invokeStaticInit(java.lang.Object, java.lang.Object, java.lang.Object)'> (0x00000000895eff30) 
thrown [s\src\hotspot\share\interpreter\linkResolver.cpp, line 759]
Event: 13.996 Thread 0x00000242b5afd470 Exception <a 'java/lang/NoSuchMethodError'{0x0000000089446f68}: 'java.lang.Object java.lang.invoke.DirectMethodHandle$Holder.invokeStatic(java.lang.Object, java.lang.Object, long, java.lang.Object)'> (0x0000000089446f68) 
thrown [s\src\hotspot\share\interpreter\linkResolver.cpp, line 759]
Event: 13.997 Thread 0x00000242b5afd470 Exception <a 'java/lang/NoSuchMethodError'{0x000000008944aa00}: 'java.lang.Object java.lang.invoke.DirectMethodHandle$Holder.invokeStaticInit(java.lang.Object, java.lang.Object, long, java.lang.Object)'> (0x000000008944aa00) 
thrown [s\src\hotspot\share\interpreter\linkResolver.cpp, line 759]
Event: 13.997 Thread 0x00000242b5afd470 Exception <a 'java/lang/NoSuchMethodError'{0x0000000089451010}: 'java.lang.Object java.lang.invoke.DirectMethodHandle$Holder.newInvokeSpecial(java.lang.Object, java.lang.Object, long)'> (0x0000000089451010) 
thrown [s\src\hotspot\share\interpreter\linkResolver.cpp, line 759]
Event: 13.997 Thread 0x00000242b5afd470 Exception <a 'java/lang/NoSuchMethodError'{0x0000000089454b80}: 'java.lang.Object java.lang.invoke.Invokers$Holder.linkToTargetMethod(java.lang.Object, long, java.lang.Object)'> (0x0000000089454b80) 
thrown [s\src\hotspot\share\interpreter\linkResolver.cpp, line 759]
Event: 14.046 Thread 0x00000242b5afd470 Exception <a 'java/lang/NoSuchMethodError'{0x00000000894b69a8}: 'void java.lang.invoke.DirectMethodHandle$Holder.invokeVirtual(java.lang.Object, java.lang.Object, java.lang.Object, java.lang.Object)'> (0x00000000894b69a8) 
thrown [s\src\hotspot\share\interpreter\linkResolver.cpp, line 759]
Event: 14.115 Thread 0x00000242b5afd470 Exception <a 'java/lang/NoSuchMethodError'{0x00000000892226d8}: 'void java.lang.invoke.DirectMethodHandle$Holder.invokeSpecial(java.lang.Object, java.lang.Object, java.lang.Object)'> (0x00000000892226d8) 
thrown [s\src\hotspot\share\interpreter\linkResolver.cpp, line 759]
Event: 14.125 Thread 0x00000242b5afd470 Exception <a 'java/lang/IncompatibleClassChangeError'{0x0000000089253c98}: Found class java.lang.Object, but interface was expected> (0x0000000089253c98) 
thrown [s\src\hotspot\share\interpreter\linkResolver.cpp, line 826]
Event: 14.261 Thread 0x00000242c9202440 Exception <a 'java/lang/NoClassDefFoundError'{0x00000000892965c8}: jakarta/validation/Validation> (0x00000000892965c8) 
thrown [s\src\hotspot\share\classfile\systemDictionary.cpp, line 245]
Event: 15.139 Thread 0x00000242c9202440 Exception <a 'java/lang/NoSuchMethodError'{0x0000000088d340b8}: 'long java.lang.invoke.DirectMethodHandle$Holder.invokeSpecial(java.lang.Object, java.lang.Object)'> (0x0000000088d340b8) 
thrown [s\src\hotspot\share\interpreter\linkResolver.cpp, line 759]
Event: 15.140 Thread 0x00000242c9202440 Exception <a 'java/lang/NoSuchMethodError'{0x0000000088dc1988}: 'long java.lang.invoke.DirectMethodHandle$Holder.invokeStatic(java.lang.Object, java.lang.Object)'> (0x0000000088dc1988) 
thrown [s\src\hotspot\share\interpreter\linkResolver.cpp, line 759]
Event: 15.140 Thread 0x00000242c9202440 Exception <a 'java/lang/NoSuchMethodError'{0x0000000088dc4ce0}: 'long java.lang.invoke.DirectMethodHandle$Holder.invokeStaticInit(java.lang.Object, java.lang.Object)'> (0x0000000088dc4ce0) 
thrown [s\src\hotspot\share\interpreter\linkResolver.cpp, line 759]
Event: 15.141 Thread 0x00000242c9202440 Exception <a 'java/lang/NoSuchMethodError'{0x0000000088dd25e0}: 'long java.lang.invoke.DirectMethodHandle$Holder.invokeInterface(java.lang.Object, java.lang.Object)'> (0x0000000088dd25e0) 
thrown [s\src\hotspot\share\interpreter\linkResolver.cpp, line 759]
Event: 15.141 Thread 0x00000242c9202440 Exception <a 'java/lang/IncompatibleClassChangeError'{0x0000000088dd58c8}: Found class java.lang.Object, but interface was expected> (0x0000000088dd58c8) 
thrown [s\src\hotspot\share\interpreter\linkResolver.cpp, line 826]
Event: 15.157 Thread 0x00000242c9202440 Exception <a 'java/lang/NoSuchMethodError'{0x0000000088df0640}: 'java.lang.Object java.lang.invoke.DirectMethodHandle$Holder.invokeVirtual(java.lang.Object, java.lang.Object, java.lang.Object, java.lang.Object)'> (0x0000000088df0640) 
thrown [s\src\hotspot\share\interpreter\linkResolver.cpp, line 759]
Event: 15.195 Thread 0x00000242b5afd470 Exception <a 'sun/nio/fs/WindowsException'{0x0000000088da3718}> (0x0000000088da3718) 
thrown [s\src\hotspot\share\prims\jni.cpp, line 516]
Event: 15.196 Thread 0x00000242b5afd470 Exception <a 'java/lang/NoSuchMethodError'{0x0000000088da50a0}: 'int java.lang.invoke.DirectMethodHandle$Holder.invokeSpecial(java.lang.Object, java.lang.Object, java.lang.Object, java.lang.Object, java.lang.Object)'> (0x0000000088da50a0) 
thrown [s\src\hotspot\share\interpreter\linkResolver.cpp, line 759]
Event: 15.222 Thread 0x00000242b5afd470 Exception <a 'java/lang/NoSuchMethodError'{0x0000000088dadf58}: 'void java.lang.invoke.DirectMethodHandle$Holder.invokeVirtual(java.lang.Object, java.lang.Object)'> (0x0000000088dadf58) 
thrown [s\src\hotspot\share\interpreter\linkResolver.cpp, line 759]
Event: 15.896 Thread 0x00000242b5afd470 Exception <a 'java/lang/IncompatibleClassChangeError'{0x0000000088072688}: Found class java.lang.Object, but interface was expected> (0x0000000088072688) 
thrown [s\src\hotspot\share\interpreter\linkResolver.cpp, line 826]

VM Operations (20 events):
Event: 13.790 Executing VM operation: HandshakeAllThreads
Event: 13.790 Executing VM operation: HandshakeAllThreads done
Event: 14.111 Executing VM operation: HandshakeAllThreads
Event: 14.111 Executing VM operation: HandshakeAllThreads done
Event: 14.113 Executing VM operation: HandshakeAllThreads
Event: 14.113 Executing VM operation: HandshakeAllThreads done
Event: 14.209 Executing VM operation: ICBufferFull
Event: 14.210 Executing VM operation: ICBufferFull done
Event: 14.696 Executing VM operation: G1CollectForAllocation
Event: 14.722 Executing VM operation: G1CollectForAllocation done
Event: 15.012 Executing VM operation: HandshakeAllThreads
Event: 15.012 Executing VM operation: HandshakeAllThreads done
Event: 15.118 Executing VM operation: HandshakeAllThreads
Event: 15.130 Executing VM operation: HandshakeAllThreads done
Event: 15.450 Executing VM operation: HandshakeAllThreads
Event: 15.450 Executing VM operation: HandshakeAllThreads done
Event: 16.122 Executing VM operation: ICBufferFull
Event: 16.122 Executing VM operation: ICBufferFull done
Event: 16.424 Executing VM operation: G1CollectForAllocation
Event: 16.431 Executing VM operation: G1CollectForAllocation done

Events (20 events):
Event: 15.476 Loaded shared library D:\About Java\About JDK\jdk17\bin\sunmscapi.dll
Event: 15.479 loading class com/sun/security/sasl/Provider
Event: 15.479 loading class com/sun/security/sasl/Provider done
Event: 15.479 loading class com/sun/security/sasl/Provider$1
Event: 15.479 loading class com/sun/security/sasl/Provider$1 done
Event: 15.479 loading class com/sun/security/sasl/Provider$ProviderService
Event: 15.479 loading class com/sun/security/sasl/Provider$ProviderService done
Event: 15.479 loading class sun/security/provider/certpath/ldap/JdkLDAP
Event: 15.479 loading class sun/security/provider/certpath/ldap/JdkLDAP done
Event: 15.479 loading class sun/security/provider/certpath/ldap/JdkLDAP$ProviderService
Event: 15.479 loading class sun/security/provider/certpath/ldap/JdkLDAP$ProviderService done
Event: 15.503 Thread 0x00000242c9202440 Thread exited: 0x00000242c9202440
Event: 15.664 Thread 0x00000242ca006790 Thread added: 0x00000242ca006790
Event: 15.691 loading class javax/naming/ldap/LdapContext
Event: 15.704 loading class javax/naming/directory/DirContext
Event: 15.704 loading class javax/naming/directory/DirContext done
Event: 15.704 loading class javax/naming/ldap/LdapContext done
Event: 15.792 Thread 0x00000242ca006790 Thread exited: 0x00000242ca006790
Event: 16.115 loading class java/beans/PropertyVetoException
Event: 16.115 loading class java/beans/PropertyVetoException done


Dynamic libraries:
0x00007ff66a2f0000 - 0x00007ff66a2fd000 	D:\About Java\About JDK\jdk17\bin\java.exe
0x00007ffce5970000 - 0x00007ffce5b68000 	C:\WINDOWS\SYSTEM32\ntdll.dll
0x00007ffce5060000 - 0x00007ffce511d000 	C:\WINDOWS\System32\KERNEL32.DLL
0x00007ffce3410000 - 0x00007ffce3706000 	C:\WINDOWS\System32\KERNELBASE.dll
0x00007ffce3090000 - 0x00007ffce3190000 	C:\WINDOWS\System32\ucrtbase.dll
0x00007ffcc6590000 - 0x00007ffcc65a5000 	D:\About Java\About JDK\jdk17\bin\VCRUNTIME140.dll
0x00007ffccdd40000 - 0x00007ffccdd58000 	D:\About Java\About JDK\jdk17\bin\jli.dll
0x00007ffce51e0000 - 0x00007ffce537f000 	C:\WINDOWS\System32\USER32.dll
0x00007ffce3810000 - 0x00007ffce3832000 	C:\WINDOWS\System32\win32u.dll
0x00007ffce4f20000 - 0x00007ffce4f4b000 	C:\WINDOWS\System32\GDI32.dll
0x00007ffcc9590000 - 0x00007ffcc982a000 	C:\WINDOWS\WinSxS\amd64_microsoft.windows.common-controls_6595b64144ccf1df_6.0.19041.4355_none_60b8b9eb71f62e16\COMCTL32.dll
0x00007ffce3220000 - 0x00007ffce3337000 	C:\WINDOWS\System32\gdi32full.dll
0x00007ffce4f50000 - 0x00007ffce4fee000 	C:\WINDOWS\System32\msvcrt.dll
0x00007ffce3340000 - 0x00007ffce33dd000 	C:\WINDOWS\System32\msvcp_win.dll
0x00007ffce3ee0000 - 0x00007ffce3f12000 	C:\WINDOWS\System32\IMM32.DLL
0x00007ffcb1660000 - 0x00007ffcb16fb000 	D:\About Java\About JDK\jdk17\bin\msvcp140.dll
0x00007ffc64190000 - 0x00007ffc64da4000 	D:\About Java\About JDK\jdk17\bin\server\jvm.dll
0x00007ffce4210000 - 0x00007ffce42c0000 	C:\WINDOWS\System32\ADVAPI32.dll
0x00007ffce42c0000 - 0x00007ffce4360000 	C:\WINDOWS\System32\sechost.dll
0x00007ffce3cb0000 - 0x00007ffce3dd3000 	C:\WINDOWS\System32\RPCRT4.dll
0x00007ffce33e0000 - 0x00007ffce3407000 	C:\WINDOWS\System32\bcrypt.dll
0x00007ffce3df0000 - 0x00007ffce3df8000 	C:\WINDOWS\System32\PSAPI.DLL
0x00007ffcc8b50000 - 0x00007ffcc8b59000 	C:\WINDOWS\SYSTEM32\WSOCK32.dll
0x00007ffcdb020000 - 0x00007ffcdb02a000 	C:\WINDOWS\SYSTEM32\VERSION.dll
0x00007ffcce4f0000 - 0x00007ffcce517000 	C:\WINDOWS\SYSTEM32\WINMM.dll
0x00007ffce4ff0000 - 0x00007ffce505b000 	C:\WINDOWS\System32\WS2_32.dll
0x00007ffce1880000 - 0x00007ffce1892000 	C:\WINDOWS\SYSTEM32\kernel.appcore.dll
0x00007ffccdd30000 - 0x00007ffccdd3a000 	D:\About Java\About JDK\jdk17\bin\jimage.dll
0x00007ffce0be0000 - 0x00007ffce0dc4000 	C:\WINDOWS\SYSTEM32\DBGHELP.DLL
0x00007ffcd1a70000 - 0x00007ffcd1aa4000 	C:\WINDOWS\SYSTEM32\dbgcore.DLL
0x00007ffce3190000 - 0x00007ffce3212000 	C:\WINDOWS\System32\bcryptPrimitives.dll
0x00007ffcdaed0000 - 0x00007ffcdaede000 	D:\About Java\About JDK\jdk17\bin\instrument.dll
0x00007ffcc2200000 - 0x00007ffcc2225000 	D:\About Java\About JDK\jdk17\bin\java.dll
0x00007ffcaa0f0000 - 0x00007ffcaa1c6000 	D:\About Java\About JDK\jdk17\bin\jsvml.dll
0x00007ffce43f0000 - 0x00007ffce4b5b000 	C:\WINDOWS\System32\SHELL32.dll
0x00007ffce0dd0000 - 0x00007ffce156d000 	C:\WINDOWS\SYSTEM32\windows.storage.dll
0x00007ffce4b60000 - 0x00007ffce4eb3000 	C:\WINDOWS\System32\combase.dll
0x00007ffce2a40000 - 0x00007ffce2a6e000 	C:\WINDOWS\SYSTEM32\Wldp.dll
0x00007ffce3ab0000 - 0x00007ffce3b7d000 	C:\WINDOWS\System32\OLEAUT32.dll
0x00007ffce3a00000 - 0x00007ffce3aad000 	C:\WINDOWS\System32\SHCORE.dll
0x00007ffce58d0000 - 0x00007ffce5925000 	C:\WINDOWS\System32\shlwapi.dll
0x00007ffce2f50000 - 0x00007ffce2f74000 	C:\WINDOWS\SYSTEM32\profapi.dll
0x00007ffcbf7d0000 - 0x00007ffcbf7e8000 	D:\About Java\About JDK\jdk17\bin\zip.dll
0x00007ffcc6200000 - 0x00007ffcc6219000 	D:\About Java\About JDK\jdk17\bin\net.dll
0x00007ffcd8ac0000 - 0x00007ffcd8bca000 	C:\WINDOWS\SYSTEM32\WINHTTP.dll
0x00007ffce27a0000 - 0x00007ffce280a000 	C:\WINDOWS\system32\mswsock.dll
0x00007ffcc5e00000 - 0x00007ffcc5e15000 	D:\About Java\About JDK\jdk17\bin\nio.dll
0x00007ffcc7720000 - 0x00007ffcc773a000 	D:\About Java\IntelliJ IDEA\IntelliJ IDEA 2022.2\bin\breakgen64.dll
0x00007ffce2480000 - 0x00007ffce254b000 	C:\WINDOWS\SYSTEM32\DNSAPI.dll
0x00007ffce2410000 - 0x00007ffce244b000 	C:\WINDOWS\SYSTEM32\IPHLPAPI.DLL
0x00007ffce5120000 - 0x00007ffce5128000 	C:\WINDOWS\System32\NSI.dll
0x00007ffcdb650000 - 0x00007ffcdb65a000 	C:\Windows\System32\rasadhlp.dll
0x00007ffcd3e70000 - 0x00007ffcd3ef0000 	C:\WINDOWS\System32\fwpuclnt.dll
0x00007ffcda5f0000 - 0x00007ffcda5f9000 	D:\About Java\About JDK\jdk17\bin\management.dll
0x00007ffcda200000 - 0x00007ffcda20b000 	D:\About Java\About JDK\jdk17\bin\management_ext.dll
0x00007ffce2990000 - 0x00007ffce29a8000 	C:\WINDOWS\SYSTEM32\CRYPTSP.dll
0x00007ffce1ff0000 - 0x00007ffce2024000 	C:\WINDOWS\system32\rsaenh.dll
0x00007ffce2ec0000 - 0x00007ffce2eee000 	C:\WINDOWS\SYSTEM32\USERENV.dll
0x00007ffce29b0000 - 0x00007ffce29bc000 	C:\WINDOWS\SYSTEM32\CRYPTBASE.dll
0x00007ffcdafa0000 - 0x00007ffcdafb7000 	C:\WINDOWS\SYSTEM32\dhcpcsvc6.DLL
0x00007ffcdb130000 - 0x00007ffcdb14d000 	C:\WINDOWS\SYSTEM32\dhcpcsvc.DLL
0x00007ffcdcd10000 - 0x00007ffcdcd27000 	C:\WINDOWS\system32\napinsp.dll
0x00007ffcdccf0000 - 0x00007ffcdcd0b000 	C:\WINDOWS\system32\pnrpnsp.dll
0x00007ffcdd7d0000 - 0x00007ffcdd7e5000 	C:\WINDOWS\system32\wshbth.dll
0x00007ffcde2d0000 - 0x00007ffcde2ed000 	C:\WINDOWS\system32\NLAapi.dll
0x00007ffcdccd0000 - 0x00007ffcdcce2000 	C:\WINDOWS\System32\winrnr.dll
0x00007ffcda1f0000 - 0x00007ffcda1fe000 	D:\About Java\About JDK\jdk17\bin\sunmscapi.dll
0x00007ffce3840000 - 0x00007ffce399e000 	C:\WINDOWS\System32\CRYPT32.dll
0x00007ffce2ab0000 - 0x00007ffce2ad9000 	C:\WINDOWS\SYSTEM32\ncrypt.dll
0x00007ffce2a70000 - 0x00007ffce2aab000 	C:\WINDOWS\SYSTEM32\NTASN1.dll

dbghelp: loaded successfully - version: 4.0.5 - missing functions: none
symbol engine: initialized successfully - sym options: 0x614 - pdb path: .;D:\About Java\About JDK\jdk17\bin;C:\WINDOWS\SYSTEM32;C:\WINDOWS\WinSxS\amd64_microsoft.windows.common-controls_6595b64144ccf1df_6.0.19041.4355_none_60b8b9eb71f62e16;D:\About Java\About JDK\jdk17\bin\server;D:\About Java\IntelliJ IDEA\IntelliJ IDEA 2022.2\bin

VM Arguments:
jvm_args: -XX:TieredStopAtLevel=1 -Dspring.output.ansi.enabled=always -Dcom.sun.management.jmxremote -Dspring.jmx.enabled=true -Dspring.liveBeansView.mbeanDomain -Dspring.application.admin.enabled=true -javaagent:D:\About Java\IntelliJ IDEA\IntelliJ IDEA 2022.2\lib\idea_rt.jar=53371:D:\About Java\IntelliJ IDEA\IntelliJ IDEA 2022.2\bin -Dfile.encoding=UTF-8 
java_command: com.ccda.task.TaskApplication
java_class_path (initial): F:\01 AIAD\intern2\pre_rd2\¸ÚÎ»Êý¾ÝÍÚ¾ò\¸´µ©\task\target\classes;D:\About Java\maven\Repository\org\springframework\boot\spring-boot-starter-web\3.3.0\spring-boot-starter-web-3.3.0.jar;D:\About Java\maven\Repository\org\springframework\boot\spring-boot-starter\3.3.0\spring-boot-starter-3.3.0.jar;D:\About Java\maven\Repository\org\springframework\boot\spring-boot\3.3.0\spring-boot-3.3.0.jar;D:\About Java\maven\Repository\org\springframework\boot\spring-boot-autoconfigure\3.3.0\spring-boot-autoconfigure-3.3.0.jar;D:\About Java\maven\Repository\org\springframework\boot\spring-boot-starter-logging\3.3.0\spring-boot-starter-logging-3.3.0.jar;D:\About Java\maven\Repository\ch\qos\logback\logback-classic\1.5.6\logback-classic-1.5.6.jar;D:\About Java\maven\Repository\ch\qos\logback\logback-core\1.5.6\logback-core-1.5.6.jar;D:\About Java\maven\Repository\org\apache\logging\log4j\log4j-to-slf4j\2.23.1\log4j-to-slf4j-2.23.1.jar;D:\About Java\maven\Repository\org\apache\logging\log4j\log4j-api\2.23.1\log4j-api-2.23.1.jar;D:\About Java\maven\Repository\org\slf4j\jul-to-slf4j\2.0.13\jul-to-slf4j-2.0.13.jar;D:\About Java\maven\Repository\jakarta\annotation\jakarta.annotation-api\2.1.1\jakarta.annotation-api-2.1.1.jar;D:\About Java\maven\Repository\org\yaml\snakeyaml\2.2\snakeyaml-2.2.jar;D:\About Java\maven\Repository\org\springframework\boot\spring-boot-starter-json\3.3.0\spring-boot-starter-json-3.3.0.jar;D:\About Java\maven\Repository\com\fasterxml\jackson\core\jackson-databind\2.17.1\jackson-databind-2.17.1.jar;D:\About Java\maven\Repository\com\fasterxml\jackson\core\jackson-annotations\2.17.1\jackson-annotations-2.17.1.jar;D:\About Java\maven\Repository\com\fasterxml\jackson\core\jackson-core\2.17.1\jackson-core-2.17.1.jar;D:\About Java\maven\Repository\com\fasterxml\jackson\datatype\jackson-datatype-jdk8\2.17.1\jackson-datatype-jdk8-2.17.1.jar;D:\About Java\maven\Repository\com\fasterxml\jackson\datatype\jackson-datatype-jsr310\2.17.1\jackson-da
Launcher Type: SUN_STANDARD

[Global flags]
     intx CICompilerCount                          = 4                                         {product} {ergonomic}
     uint ConcGCThreads                            = 2                                         {product} {ergonomic}
     uint G1ConcRefinementThreads                  = 8                                         {product} {ergonomic}
   size_t G1HeapRegionSize                         = 1048576                                   {product} {ergonomic}
    uintx GCDrainStackTargetSize                   = 64                                        {product} {ergonomic}
   size_t InitialHeapSize                          = 132120576                                 {product} {ergonomic}
     bool ManagementServer                         = true                                      {product} {command line}
   size_t MarkStackSize                            = 4194304                                   {product} {ergonomic}
   size_t MaxHeapSize                              = 2111832064                                {product} {ergonomic}
   size_t MaxNewSize                               = 1266679808                                {product} {ergonomic}
   size_t MinHeapDeltaBytes                        = 1048576                                   {product} {ergonomic}
   size_t MinHeapSize                              = 8388608                                   {product} {ergonomic}
    uintx NonProfiledCodeHeapSize                  = 0                                      {pd product} {ergonomic}
     bool ProfileInterpreter                       = false                                  {pd product} {command line}
    uintx ProfiledCodeHeapSize                     = 0                                      {pd product} {ergonomic}
   size_t SoftMaxHeapSize                          = 2111832064                             {manageable} {ergonomic}
     intx TieredStopAtLevel                        = 1                                         {product} {command line}
     bool UseCompressedClassPointers               = true                           {product lp64_product} {ergonomic}
     bool UseCompressedOops                        = true                           {product lp64_product} {ergonomic}
     bool UseG1GC                                  = true                                      {product} {ergonomic}
     bool UseLargePagesIndividualAllocation        = false                                  {pd product} {ergonomic}

Logging:
Log output configuration:
 #0: stdout all=warning uptime,level,tags
 #1: stderr all=off uptime,level,tags

Environment Variables:
JAVA_HOME=D:\About Java\About JDK\jdk17
CLASSPATH=.;D:\About Java\About JDK\jdk17\lib\dt.jar;D:\About Java\About JDK\jdk17\lib\tools.jar;
PATH=.;D:\About Java\About JDK\jdk17\bin;G:\vmware\bin\;C:\WINDOWS\system32;C:\WINDOWS;C:\WINDOWS\System32\Wbem;C:\WINDOWS\System32\WindowsPowerShell\v1.0\;C:\WINDOWS\System32\OpenSSH\;C:\Program Files\Git\cmd;D:\front-end\nvm;D:\front-end\node.js;D:\front-end\nodejs\node_global;D:\About Java\maven\apache-maven-3.8.8/bin;C:\Program Files\MySQL\MySQL Shell 8.0\bin\;C:\Users\XDdddddd\AppData\Local\Microsoft\WindowsApps;D:\front-end\nvm;D:\front-end\node.js
USERNAME=XDdddddd
OS=Windows_NT
PROCESSOR_IDENTIFIER=Intel64 Family 6 Model 158 Stepping 9, GenuineIntel
TMP=C:\Users\XDdddddd\AppData\Local\Temp
TEMP=C:\Users\XDdddddd\AppData\Local\Temp



---------------  S Y S T E M  ---------------

OS:
 Windows 10 , 64 bit Build 19041 (10.0.19041.3636)
OS uptime: 14 days 0:06 hours

CPU: total 8 (initial active 8) (4 cores per cpu, 2 threads per core) family 6 model 158 stepping 9 microcode 0xb4, cx8, cmov, fxsr, ht, mmx, 3dnowpref, sse, sse2, sse3, ssse3, sse4.1, sse4.2, popcnt, lzcnt, tsc, tscinvbit, avx, avx2, aes, erms, clmul, bmi1, bmi2, adx, fma, vzeroupper, clflush, clflushopt

Memory: 4k page, system-wide physical 8053M (404M free)
TotalPageFile size 23165M (AvailPageFile size 78M)
current process WorkingSet (physical memory assigned to process): 94M, peak: 133M
current process commit charge ("private bytes"): 165M, peak: 244M

vm_info: OpenJDK 64-Bit Server VM (17.0.4+8-LTS) for windows-amd64 JRE (17.0.4+8-LTS), built on Jul 15 2022 17:12:09 by "Administrator" with MS VC++ 15.9 (VS2017)

END.
